10000 done
20000 done
30000 done
40000 done
50000 done
60000 done
70000 done
80000 done
90000 done
100000 done
110000 done
120000 done
130000 done
140000 done
150000 done
160000 done
170000 done
180000 done
190000 done
200000 done
210000 done
220000 done
230000 done
240000 done
250000 done
260000 done
270000 done
280000 done
290000 done
300000 done
310000 done
320000 done
330000 done
340000 done
350000 done
360000 done
370000 done
380000 done
390000 done
400000 done
410000 done
420000 done
430000 done
440000 done
450000 done
460000 done
470000 done
480000 done
490000 done
500000 done
510000 done
520000 done
530000 done
540000 done
550000 done
560000 done
570000 done
580000 done
590000 done
600000 done
610000 done
620000 done
630000 done
640000 done
650000 done
660000 done
670000 done
680000 done
690000 done
700000 done
710000 done
720000 done
730000 done
740000 done
750000 done
760000 done
770000 done
780000 done
790000 done
800000 done
810000 done
820000 done
830000 done
840000 done
850000 done
860000 done
870000 done
880000 done
890000 done
900000 done
910000 done
920000 done
930000 done
940000 done
950000 done
960000 done
970000 done
980000 done
990000 done
1000000 done
1010000 done
1020000 done
1030000 done
1040000 done
1050000 done
1060000 done
1070000 done
1080000 done
1090000 done
1100000 done
1110000 done
1120000 done
1130000 done
1140000 done
1150000 done
1160000 done
1170000 done
1180000 done
1190000 done
1200000 done
1210000 done
1220000 done
1230000 done
1240000 done
1250000 done
1260000 done
1270000 done
1280000 done
1290000 done
1300000 done
1310000 done
1320000 done
1330000 done
1340000 done
1350000 done
1360000 done
1370000 done
1380000 done
1390000 done
1400000 done
1410000 done
1420000 done
1430000 done
1440000 done
1450000 done
1460000 done
1470000 done
1480000 done
1490000 done
1500000 done
1510000 done
1520000 done
1530000 done
1540000 done
1550000 done
1560000 done
1570000 done
1580000 done
1590000 done
1600000 done
1610000 done
1620000 done
1630000 done
1640000 done
1650000 done
1660000 done
1670000 done
1680000 done
1690000 done
1700000 done
1710000 done
1720000 done
1730000 done
1740000 done
1750000 done
1760000 done
1770000 done
1780000 done
1790000 done
1800000 done
1810000 done
1820000 done
1830000 done
1840000 done
1850000 done
1860000 done
1870000 done
1880000 done
1890000 done
1900000 done
1910000 done
1920000 done
1930000 done
1940000 done
1950000 done
1960000 done
1970000 done
1980000 done
1990000 done
2000000 done
2010000 done
2020000 done
2030000 done
2040000 done
2050000 done
2060000 done
2070000 done
2080000 done
2090000 done
2100000 done
2110000 done
